<?xml version="1.0" encoding="UTF-8"?>
<testsuite name="com.ivan.test.ecommerce.EcommerceApplicationTests" tests="1" skipped="0" failures="0" errors="0" timestamp="2023-01-10T16:17:33" hostname="MacBook-Pro-de-Ivan-2.local" time="0.42">
  <properties/>
  <testcase name="contextLoads()" classname="com.ivan.test.ecommerce.EcommerceApplicationTests" time="0.42"/>
  <system-out><![CDATA[17:17:31.276 [Test worker] DEBUG org.springframework.test.context.BootstrapUtils - Instantiating CacheAwareContextLoaderDelegate from class [org.springframework.test.context.cache.DefaultCacheAwareContextLoaderDelegate]
17:17:31.287 [Test worker] DEBUG org.springframework.test.context.BootstrapUtils - Instantiating BootstrapContext using constructor [public org.springframework.test.context.support.DefaultBootstrapContext(java.lang.Class,org.springframework.test.context.CacheAwareContextLoaderDelegate)]
17:17:31.318 [Test worker] DEBUG org.springframework.test.context.BootstrapUtils - Instantiating TestContextBootstrapper for test class [com.ivan.test.ecommerce.EcommerceApplicationTests] from class [org.springframework.boot.test.context.SpringBootTestContextBootstrapper]
17:17:31.331 [Test worker] INFO org.springframework.boot.test.context.SpringBootTestContextBootstrapper - Neither @ContextConfiguration nor @ContextHierarchy found for test class [com.ivan.test.ecommerce.EcommerceApplicationTests], using SpringBootContextLoader
17:17:31.334 [Test worker] DEBUG org.springframework.test.context.support.AbstractContextLoader - Did not detect default resource location for test class [com.ivan.test.ecommerce.EcommerceApplicationTests]: class path resource [com/ivan/test/ecommerce/EcommerceApplicationTests-context.xml] does not exist
17:17:31.335 [Test worker] DEBUG org.springframework.test.context.support.AbstractContextLoader - Did not detect default resource location for test class [com.ivan.test.ecommerce.EcommerceApplicationTests]: class path resource [com/ivan/test/ecommerce/EcommerceApplicationTestsContext.groovy] does not exist
17:17:31.335 [Test worker] INFO org.springframework.test.context.support.AbstractContextLoader - Could not detect default resource locations for test class [com.ivan.test.ecommerce.EcommerceApplicationTests]: no resource found for suffixes {-context.xml, Context.groovy}.
17:17:31.336 [Test worker] INFO org.springframework.test.context.support.AnnotationConfigContextLoaderUtils - Could not detect default configuration classes for test class [com.ivan.test.ecommerce.EcommerceApplicationTests]: EcommerceApplicationTests does not declare any static, non-private, non-final, nested classes annotated with @Configuration.
17:17:31.394 [Test worker] DEBUG org.springframework.test.context.support.ActiveProfilesUtils - Could not find an 'annotation declaring class' for annotation type [org.springframework.test.context.ActiveProfiles] and class [com.ivan.test.ecommerce.EcommerceApplicationTests]
17:17:31.457 [Test worker] DEBUG org.springframework.context.annotation.ClassPathScanningCandidateComponentProvider - Identified candidate component class: file [/Users/Ivan/workspace/test-ecommerce/build/classes/java/main/com/ivan/test/ecommerce/EcommerceApplication.class]
17:17:31.458 [Test worker] INFO org.springframework.boot.test.context.SpringBootTestContextBootstrapper - Found @SpringBootConfiguration com.ivan.test.ecommerce.EcommerceApplication for test class com.ivan.test.ecommerce.EcommerceApplicationTests
17:17:31.532 [Test worker] DEBUG org.springframework.boot.test.context.SpringBootTestContextBootstrapper - @TestExecutionListeners is not present for class [com.ivan.test.ecommerce.EcommerceApplicationTests]: using defaults.
17:17:31.532 [Test worker] INFO org.springframework.boot.test.context.SpringBootTestContextBootstrapper - Loaded default TestExecutionListener class names from location [META-INF/spring.factories]: [org.springframework.boot.test.autoconfigure.restdocs.RestDocsTestExecutionListener, org.springframework.boot.test.autoconfigure.web.client.MockRestServiceServerResetTestExecutionListener, org.springframework.boot.test.autoconfigure.web.servlet.MockMvcPrintOnlyOnFailureTestExecutionListener, org.springframework.boot.test.autoconfigure.web.servlet.WebDriverTestExecutionListener, org.springframework.boot.test.autoconfigure.webservices.client.MockWebServiceServerTestExecutionListener, org.springframework.boot.test.mock.mockito.MockitoTestExecutionListener, org.springframework.boot.test.mock.mockito.ResetMocksTestExecutionListener, org.springframework.test.context.web.ServletTestExecutionListener, org.springframework.test.context.support.DirtiesContextBeforeModesTestExecutionListener, org.springframework.test.context.event.ApplicationEventsTestExecutionListener, org.springframework.test.context.support.DependencyInjectionTestExecutionListener, org.springframework.test.context.support.DirtiesContextTestExecutionListener, org.springframework.test.context.transaction.TransactionalTestExecutionListener, org.springframework.test.context.jdbc.SqlScriptsTestExecutionListener, org.springframework.test.context.event.EventPublishingTestExecutionListener]
17:17:31.545 [Test worker] DEBUG org.springframework.boot.test.context.SpringBootTestContextBootstrapper - Skipping candidate TestExecutionListener [org.springframework.test.context.transaction.TransactionalTestExecutionListener] due to a missing dependency. Specify custom listener classes or make the default listener classes and their required dependencies available. Offending class: [org/springframework/transaction/interceptor/TransactionAttributeSource]
17:17:31.546 [Test worker] DEBUG org.springframework.boot.test.context.SpringBootTestContextBootstrapper - Skipping candidate TestExecutionListener [org.springframework.test.context.jdbc.SqlScriptsTestExecutionListener] due to a missing dependency. Specify custom listener classes or make the default listener classes and their required dependencies available. Offending class: [org/springframework/transaction/interceptor/TransactionAttribute]
17:17:31.546 [Test worker] INFO org.springframework.boot.test.context.SpringBootTestContextBootstrapper - Using TestExecutionListeners: [org.springframework.test.context.web.ServletTestExecutionListener@4febb875, org.springframework.test.context.support.DirtiesContextBeforeModesTestExecutionListener@25e2a451, org.springframework.test.context.event.ApplicationEventsTestExecutionListener@1698ee84, org.springframework.boot.test.mock.mockito.MockitoTestExecutionListener@10c626be, org.springframework.boot.test.autoconfigure.SpringBootDependencyInjectionTestExecutionListener@2fc0cc3, org.springframework.test.context.support.DirtiesContextTestExecutionListener@328cf0e1, org.springframework.test.context.event.EventPublishingTestExecutionListener@63b1d4fa, org.springframework.boot.test.autoconfigure.restdocs.RestDocsTestExecutionListener@42e3ede4, org.springframework.boot.test.autoconfigure.web.client.MockRestServiceServerResetTestExecutionListener@201b6b6f, org.springframework.boot.test.autoconfigure.web.servlet.MockMvcPrintOnlyOnFailureTestExecutionListener@75459c75, org.springframework.boot.test.autoconfigure.web.servlet.WebDriverTestExecutionListener@183e8023, org.springframework.boot.test.autoconfigure.webservices.client.MockWebServiceServerTestExecutionListener@45efc20d, org.springframework.boot.test.mock.mockito.ResetMocksTestExecutionListener@3e5499cc]
17:17:31.550 [Test worker] DEBUG org.springframework.test.context.support.AbstractDirtiesContextTestExecutionListener - Before test class: context [DefaultTestContext@5f031ebd testClass = EcommerceApplicationTests, testInstance = [null], testMethod = [null], testException = [null], mergedContextConfiguration = [WebMergedContextConfiguration@4ee37ca3 testClass = EcommerceApplicationTests, locations = '{}', classes = '{class com.ivan.test.ecommerce.EcommerceApplication}', contextInitializerClasses = '[]', activeProfiles = '{}', propertySourceLocations = '{}', propertySourceProperties = '{org.springframework.boot.test.context.SpringBootTestContextBootstrapper=true}', contextCustomizers = set[org.springframework.boot.test.autoconfigure.actuate.metrics.MetricsExportContextCustomizerFactory$DisableMetricExportContextCustomizer@5b67bb7e, org.springframework.boot.test.autoconfigure.properties.PropertyMappingContextCustomizer@0, org.springframework.boot.test.autoconfigure.web.servlet.WebDriverContextCustomizerFactory$Customizer@73302995, org.springframework.boot.test.context.filter.ExcludeFilterContextCustomizer@51133c06, org.springframework.boot.test.json.DuplicateJsonObjectContextCustomizerFactory$DuplicateJsonObjectContextCustomizer@44d52de2, org.springframework.boot.test.mock.mockito.MockitoContextCustomizer@0, org.springframework.boot.test.web.client.TestRestTemplateContextCustomizer@291f18, org.springframework.boot.test.context.SpringBootTestArgs@1, org.springframework.boot.test.context.SpringBootTestWebEnvironment@4009e306], resourceBasePath = 'src/main/webapp', contextLoader = 'org.springframework.boot.test.context.SpringBootContextLoader', parent = [null]], attributes = map['org.springframework.test.context.web.ServletTestExecutionListener.activateListener' -> true]], class annotated with @DirtiesContext [false] with mode [null].

  .   ____          _            __ _ _
 /\\ / ___'_ __ _ _(_)_ __  __ _ \ \ \ \
( ( )\___ | '_ | '_| | '_ \/ _` | \ \ \ \
 \\/  ___)| |_)| | | | | || (_| |  ) ) ) )
  '  |____| .__|_| |_|_| |_\__, | / / / /
 =========|_|==============|___/=/_/_/_/
 :: Spring Boot ::                (v2.7.7)

2023-01-10 17:17:31.890  INFO 9953 --- [    Test worker] c.i.t.e.EcommerceApplicationTests        : Starting EcommerceApplicationTests using Java 17.0.2 on MacBook-Pro-de-Ivan-2.local with PID 9953 (started by Ivan in /Users/Ivan/workspace/test-ecommerce)
2023-01-10 17:17:31.891  INFO 9953 --- [    Test worker] c.i.t.e.EcommerceApplicationTests        : No active profile set, falling back to 1 default profile: "default"
2023-01-10 17:17:31.915  WARN 9953 --- [    Test worker] o.s.b.c.config.ConfigDataEnvironment     : Property 'spring.profiles' imported from location 'class path resource [application.yaml]' is invalid and should be replaced with 'spring.config.activate.on-profile' [origin: class path resource [application.yaml] - 7:13]
2023-01-10 17:17:33.100  INFO 9953 --- [    Test worker] c.i.t.e.EcommerceApplicationTests        : Started EcommerceApplicationTests in 1.497 seconds (JVM running for 2.595)
]]></system-out>
  <system-err><![CDATA[]]></system-err>
</testsuite>
